Synchronize It! v3.1 LOG file
        2784   09-12-2009 09:47:54  0  0  0   psynteg.h
        4823   09-12-2009 09:45:14  0  0  0   AdaptiveDlg.cpp
         678   10-09-2009 00:28:26  0  0  0   Stringchain.h
         215   10-09-2009 00:28:26  0  0  0   FER.H
        1350   09-12-2009 02:25:08  0  0  0   AdaptiveDlg.h
       14971   10-09-2009 10:52:44  0  0  0   calbase.cpp
        1602   10-09-2009 00:28:26  0  0  0   Stringchain2.cpp
         186   05-10-2008 19:15:08  0  0  0   out.txt
        2806   27-04-2010 03:02:20  0  0  0   LogReport.cpp
        3184   09-12-2009 02:13:24  0  0  0   Adaptive.cpp
       13137   27-04-2010 10:16:40  0  0  0   psynteg.vcproj
        2795   10-09-2009 23:09:48  0  0  0   NIC2.cpp
        1538   10-09-2009 00:28:26  0  0  0   EditPlus.cpp
         291   27-04-2010 01:24:06  0  0  0   LogReport.h
        2123   10-09-2009 00:28:26  0  0  0   Registry_handling.cpp
     1941876   10-11-2007 16:56:18  0  0  0   nic_test.txt
        1489   10-09-2009 10:52:44  0  0  0   SliderAdj.cpp
        1341   10-09-2009 10:52:44  0  0  0   Adaptive.h
         143   06-01-2013 21:11:09  0  0  0   psynteg.vcxproj.user
       10021   10-09-2009 10:52:44  0  0  0   calbase.h
         209   10-09-2009 00:28:26  0  0  0   StdAfx.cpp
        1557   27-04-2010 00:51:56  0  0  0   Settings.h
        5870   28-03-2010 19:51:14  0  0  0   ConstantStim.cpp
       40012   10-09-2009 00:28:26  0  0  0   bricFunctions.cpp
          35   05-10-2008 11:51:38  0  0  0   test.txt
         826   07-10-2008 23:06:54  0  0  0   SetProcessorDlg.h
         565   10-09-2009 10:52:44  0  0  0   PrankDlg.h
        3304   15-06-2010 10:18:30  0  0  0   audstr.cpp
        1626   10-09-2009 00:28:26  0  0  0   StdAfx.h
         924   24-07-2008 02:16:00  0  0  0   aaa.txt
        3597   11-10-2005 11:49:06  0  0  0   ReadMe.txt
       44808   22-11-2010 08:43:38  0  0  0   psyntegDlg.cpp
        2341   06-01-2013 21:11:15  0  0  0   psynteg.sln
        1138   10-09-2009 00:28:26  0  0  0   FIFO.cpp
          34   05-10-2008 11:55:50  0  0  0   test_plus.txt
        1085   13-12-2007 04:29:54  0  0  0   U8_bp.txt
        5132   08-10-2008 00:28:02  0  0  0   SetProcessorDlg.cpp
       16074   22-11-2010 09:12:28  0  0  0   psynteg.rc
        1290   09-12-2009 02:02:10  0  0  0   supportFunctions.h
        1348   05-10-2008 19:23:46  0  0  0   tmark-debug.txt
         977   10-09-2009 10:52:44  0  0  0   PrankDlg.cpp
         202   14-10-2005 16:46:26  0  0  0   asd.txt
         343   10-09-2009 00:28:26  0  0  0   Stringchain2.h
        1524   10-09-2009 00:28:26  0  0  0   Stringchain.cpp
        1311   29-01-2010 06:05:26  0  0  0   ConstantStim.h
       16958   10-09-2009 00:28:26  0  0  0   wi0096-64.ico
        1367   10-09-2009 10:52:44  0  0  0   SliderAdj.h
          17   03-10-2008 13:16:42  0  0  0   mind.txt
        4291   10-09-2009 00:28:26  0  0  0   bric.h
        6623   22-11-2010 07:30:24  0  0  0   psyntegDlg.h
        2104   10-09-2009 00:28:26  0  0  0   Tabber.cpp
        2238   10-09-2009 10:52:44  0  0  0   itizen.ico
        5798   09-12-2009 10:13:32  0  0  0   supportFunctions.cpp
         820   20-07-2008 03:14:34  0  0  0   versionhistory.txt
         443   21-09-2009 01:41:34  0  0  0   progress.txt
        1595   10-09-2009 00:28:26  0  0  0   senddll.cpp
         175   04-10-2008 02:24:46  0  0  0   tmark-release.txt
      571057   28-10-2009 08:55:28  0  0  0   irrr.txt
        1484   10-09-2009 10:52:44  0  0  0   protocol.h
        4602   06-01-2013 21:11:11  0  0  0   psynteg.vcxproj.filters
        9827   06-01-2013 21:11:15  0  0  0   UpgradeLog.XML
        6499   22-11-2010 06:54:36  0  0  0   resource.h
        3751   26-04-2010 21:05:12  0  0  0   cer.h
        3272   29-09-2010 11:57:06  0  0  0   Settings.cpp
        1022   10-09-2009 00:28:26  0  0  0   FIFO.h
       30454   22-11-2010 08:34:42  0  0  0   psyntegDlgNIC.cpp
         588   10-09-2009 10:52:44  0  0  0   Tabber.h
        1133   10-09-2009 00:28:26  0  0  0   EditPlus.h
        2077   10-09-2009 00:28:26  0  0  0   psynteg.cpp
       15308   06-01-2013 21:11:14  0  0  0   psynteg.vcxproj
